# JRE version: OpenJDK Runtime Environment (15.0.1+9) (build 15.0.1+9-18)
# Java VM: OpenJDK 64-Bit Server VM (15.0.1+9-18, mixed mode, tiered, compressed oops, g1 gc, windows-amd64)
GC Precious Log:
 CPUs: 4 total, 4 available
 Memory: 3942M
 Large Page Support: Disabled
 NUMA Support: Disabled
 Compressed Oops: Enabled (32-bit)
 Heap Region Size: 1M
 Heap Min Capacity: 8M
 Heap Initial Capacity: 62M
 Heap Max Capacity: 986M
 Pre-touch: Disabled
 Parallel Workers: 4
 Concurrent Workers: 1
 Concurrent Refinement Workers: 4
 Periodic GC: Disabled
Heap:
 garbage-first heap   total 83968K, used 26009K [0x00000000c2600000, 0x0000000100000000)
  region size 1024K, 8 young (8192K), 4 survivors (4096K)
 Metaspace       used 60239K, capacity 60666K, committed 60800K, reserved 1101824K
  class space    used 7812K, capacity 7964K, committed 8064K, reserved 1048576K
GC Heap History (20 events):
Event: 2.081 GC heap before
{Heap before GC invocations=5 (full 0):
 garbage-first heap   total 40960K, used 38944K [0x00000000c2600000, 0x0000000100000000)
  region size 1024K, 32 young (32768K), 2 survivors (2048K)
 Metaspace       used 26427K, capacity 26769K, committed 26880K, reserved 1073152K
  class space    used 3158K, capacity 3263K, committed 3328K, reserved 1048576K
}
Event: 2.089 GC heap after
{Heap after GC invocations=6 (full 0):
 garbage-first heap   total 54272K, used 11239K [0x00000000c2600000, 0x0000000100000000)
  region size 1024K, 4 young (4096K), 4 survivors (4096K)
 Metaspace       used 26427K, capacity 26769K, committed 26880K, reserved 1073152K
  class space    used 3158K, capacity 3263K, committed 3328K, reserved 1048576K
}
Event: 2.105 GC heap before
{Heap before GC invocations=6 (full 0):
 garbage-first heap   total 54272K, used 34791K [0x00000000c2600000, 0x0000000100000000)
  region size 1024K, 28 young (28672K), 4 survivors (4096K)
 Metaspace       used 26698K, capacity 27025K, committed 27136K, reserved 1073152K
  class space    used 3180K, capacity 3263K, committed 3328K, reserved 1048576K
}
Event: 2.111 GC heap after
{Heap after GC invocations=7 (full 0):
 garbage-first heap   total 54272K, used 11692K [0x00000000c2600000, 0x0000000100000000)
  region size 1024K, 1 young (1024K), 1 survivors (1024K)
 Metaspace       used 26698K, capacity 27025K, committed 27136K, reserved 1073152K
  class space    used 3180K, capacity 3263K, committed 3328K, reserved 1048576K
}
Event: 2.290 GC heap before
{Heap before GC invocations=7 (full 0):
 garbage-first heap   total 54272K, used 37292K [0x00000000c2600000, 0x0000000100000000)
  region size 1024K, 27 young (27648K), 1 survivors (1024K)
 Metaspace       used 29574K, capacity 29887K, committed 30080K, reserved 1075200K
  class space    used 3525K, capacity 3620K, committed 3712K, reserved 1048576K
}
Event: 2.293 GC heap after
{Heap after GC invocations=8 (full 0):
 garbage-first heap   total 54272K, used 12042K [0x00000000c2600000, 0x0000000100000000)
  region size 1024K, 1 young (1024K), 1 survivors (1024K)
 Metaspace       used 29574K, capacity 29887K, committed 30080K, reserved 1075200K
  class space    used 3525K, capacity 3620K, committed 3712K, reserved 1048576K
}
Event: 2.869 GC heap before
{Heap before GC invocations=8 (full 0):
 garbage-first heap   total 54272K, used 39690K [0x00000000c2600000, 0x0000000100000000)
  region size 1024K, 28 young (28672K), 1 survivors (1024K)
 Metaspace       used 32558K, capacity 32965K, committed 33152K, reserved 1079296K
  class space    used 3986K, capacity 4106K, committed 4224K, reserved 1048576K
}
Event: 2.877 GC heap after
{Heap after GC invocations=9 (full 0):
 garbage-first heap   total 54272K, used 13835K [0x00000000c2600000, 0x0000000100000000)
  region size 1024K, 3 young (3072K), 3 survivors (3072K)
 Metaspace       used 32558K, capacity 32965K, committed 33152K, reserved 1079296K
  class space    used 3986K, capacity 4106K, committed 4224K, reserved 1048576K
}
Event: 3.387 GC heap before
{Heap before GC invocations=9 (full 0):
 garbage-first heap   total 54272K, used 30219K [0x00000000c2600000, 0x0000000100000000)
  region size 1024K, 20 young (20480K), 3 survivors (3072K)
 Metaspace       used 35377K, capacity 35731K, committed 35840K, reserved 1081344K
  class space    used 4385K, capacity 4506K, committed 4608K, reserved 1048576K
}
Event: 3.399 GC heap after
{Heap after GC invocations=10 (full 0):
 garbage-first heap   total 54272K, used 15462K [0x00000000c2600000, 0x0000000100000000)
  region size 1024K, 4 young (4096K), 4 survivors (4096K)
 Metaspace       used 35377K, capacity 35731K, committed 35840K, reserved 1081344K
  class space    used 4385K, capacity 4506K, committed 4608K, reserved 1048576K
}
Event: 3.753 GC heap before
{Heap before GC invocations=11 (full 0):
 garbage-first heap   total 54272K, used 39014K [0x00000000c2600000, 0x0000000100000000)
  region size 1024K, 28 young (28672K), 4 survivors (4096K)
 Metaspace       used 37851K, capacity 38271K, committed 38400K, reserved 1083392K
  class space    used 4698K, capacity 4862K, committed 4864K, reserved 1048576K
}
Event: 3.770 GC heap after
{Heap after GC invocations=12 (full 0):
 garbage-first heap   total 65536K, used 16720K [0x00000000c2600000, 0x0000000100000000)
  region size 1024K, 3 young (3072K), 3 survivors (3072K)
 Metaspace       used 37851K, capacity 38271K, committed 38400K, reserved 1083392K
  class space    used 4698K, capacity 4862K, committed 4864K, reserved 1048576K
}
Event: 3.884 GC heap before
{Heap before GC invocations=12 (full 0):
 garbage-first heap   total 65536K, used 48464K [0x00000000c2600000, 0x0000000100000000)
  region size 1024K, 35 young (35840K), 3 survivors (3072K)
 Metaspace       used 38226K, capacity 38626K, committed 38784K, reserved 1083392K
  class space    used 4739K, capacity 4895K, committed 4992K, reserved 1048576K
}
Event: 3.893 GC heap after
{Heap after GC invocations=13 (full 0):
 garbage-first heap   total 65536K, used 16954K [0x00000000c2600000, 0x0000000100000000)
  region size 1024K, 2 young (2048K), 2 survivors (2048K)
 Metaspace       used 38226K, capacity 38626K, committed 38784K, reserved 1083392K
  class space    used 4739K, capacity 4895K, committed 4992K, reserved 1048576K
}
Event: 4.732 GC heap before
{Heap before GC invocations=13 (full 0):
 garbage-first heap   total 65536K, used 49722K [0x00000000c2600000, 0x0000000100000000)
  region size 1024K, 35 young (35840K), 2 survivors (2048K)
 Metaspace       used 46270K, capacity 46691K, committed 46976K, reserved 1089536K
  class space    used 5752K, capacity 5896K, committed 6016K, reserved 1048576K
}
Event: 4.740 GC heap after
{Heap after GC invocations=14 (full 0):
 garbage-first heap   total 65536K, used 19396K [0x00000000c2600000, 0x0000000100000000)
  region size 1024K, 4 young (4096K), 4 survivors (4096K)
 Metaspace       used 46270K, capacity 46691K, committed 46976K, reserved 1089536K
  class space    used 5752K, capacity 5896K, committed 6016K, reserved 1048576K
}
Event: 5.569 GC heap before
{Heap before GC invocations=14 (full 0):
 garbage-first heap   total 65536K, used 51140K [0x00000000c2600000, 0x0000000100000000)
  region size 1024K, 35 young (35840K), 4 survivors (4096K)
 Metaspace       used 54980K, capacity 55448K, committed 55680K, reserved 1097728K
  class space    used 7107K, capacity 7277K, committed 7296K, reserved 1048576K
}
Event: 5.580 GC heap after
{Heap after GC invocations=15 (full 0):
 garbage-first heap   total 65536K, used 21149K [0x00000000c2600000, 0x0000000100000000)
  region size 1024K, 5 young (5120K), 5 survivors (5120K)
 Metaspace       used 54980K, capacity 55448K, committed 55680K, reserved 1097728K
  class space    used 7107K, capacity 7277K, committed 7296K, reserved 1048576K
}
Event: 6.246 GC heap before
{Heap before GC invocations=15 (full 0):
 garbage-first heap   total 65536K, used 44701K [0x00000000c2600000, 0x0000000100000000)
  region size 1024K, 29 young (29696K), 5 survivors (5120K)
 Metaspace       used 59627K, capacity 60078K, committed 60160K, reserved 1101824K
  class space    used 7733K, capacity 7897K, committed 7936K, reserved 1048576K
}
Event: 6.258 GC heap after
{Heap after GC invocations=16 (full 0):
 garbage-first heap   total 83968K, used 22937K [0x00000000c2600000, 0x0000000100000000)
  region size 1024K, 4 young (4096K), 4 survivors (4096K)
 Metaspace       used 59627K, capacity 60078K, committed 60160K, reserved 1101824K
  class space    used 7733K, capacity 7897K, committed 7936K, reserved 1048576K
}

